# JRE version: Java(TM) SE Runtime Environment (8.0_40-b25) (build 1.8.0_40-b25)
# Java VM: Java HotSpot(TM) 64-Bit Server VM (25.40-b25 mixed mode windows-amd64 compressed oops)
Heap:
 PSYoungGen      total 247296K, used 161234K [0x000000076b700000, 0x000000077c880000, 0x00000007c0000000)
  eden space 237568K, 63% used [0x000000076b700000,0x0000000774b1ddb8,0x0000000779f00000)
  from space 9728K, 98% used [0x000000077bf00000,0x000000077c856d90,0x000000077c880000)
  to   space 13824K, 0% used [0x000000077ad80000,0x000000077ad80000,0x000000077bb00000)
 ParOldGen       total 144896K, used 16478K [0x00000006c2400000, 0x00000006cb180000, 0x000000076b700000)
  object space 144896K, 11% used [0x00000006c2400000,0x00000006c34179e8,0x00000006cb180000)
 Metaspace       used 46690K, capacity 48936K, committed 49152K, reserved 1091584K
  class space    used 6139K, capacity 6554K, committed 6656K, reserved 1048576K
GC Heap History (10 events):
Event: 3.710 GC heap before
{Heap before GC invocations=6 (full 1):
 PSYoungGen      total 105472K, used 105240K [0x000000076b700000, 0x0000000774600000, 0x00000007c0000000)
  eden space 99840K, 100% used [0x000000076b700000,0x0000000771880000,0x0000000771880000)
  from space 5632K, 95% used [0x0000000774080000,0x00000007745c6380,0x0000000774600000)
  to   space 10752K, 0% used [0x0000000773100000,0x0000000773100000,0x0000000773b80000)
 ParOldGen       total 100352K, used 7953K [0x00000006c2400000, 0x00000006c8600000, 0x000000076b700000)
  object space 100352K, 7% used [0x00000006c2400000,0x00000006c2bc4680,0x00000006c8600000)
 Metaspace       used 26541K, capacity 27600K, committed 27776K, reserved 1073152K
  class space    used 3626K, capacity 3872K, committed 3968K, reserved 1048576K
Event: 3.714 GC heap after
Heap after GC invocations=6 (full 1):
 PSYoungGen      total 135680K, used 9315K [0x000000076b700000, 0x0000000776400000, 0x00000007c0000000)
  eden space 124928K, 0% used [0x000000076b700000,0x000000076b700000,0x0000000773100000)
  from space 10752K, 86% used [0x0000000773100000,0x0000000773a18e80,0x0000000773b80000)
  to   space 11264K, 0% used [0x0000000775900000,0x0000000775900000,0x0000000776400000)
 ParOldGen       total 100352K, used 7961K [0x00000006c2400000, 0x00000006c8600000, 0x000000076b700000)
  object space 100352K, 7% used [0x00000006c2400000,0x00000006c2bc6680,0x00000006c8600000)
 Metaspace       used 26541K, capacity 27600K, committed 27776K, reserved 1073152K
  class space    used 3626K, capacity 3872K, committed 3968K, reserved 1048576K
}
Event: 4.246 GC heap before
{Heap before GC invocations=7 (full 1):
 PSYoungGen      total 135680K, used 134243K [0x000000076b700000, 0x0000000776400000, 0x00000007c0000000)
  eden space 124928K, 100% used [0x000000076b700000,0x0000000773100000,0x0000000773100000)
  from space 10752K, 86% used [0x0000000773100000,0x0000000773a18e80,0x0000000773b80000)
  to   space 11264K, 0% used [0x0000000775900000,0x0000000775900000,0x0000000776400000)
 ParOldGen       total 100352K, used 7961K [0x00000006c2400000, 0x00000006c8600000, 0x000000076b700000)
  object space 100352K, 7% used [0x00000006c2400000,0x00000006c2bc6680,0x00000006c8600000)
 Metaspace       used 31868K, capacity 33442K, committed 33664K, reserved 1079296K
  class space    used 4341K, capacity 4645K, committed 4736K, reserved 1048576K
Event: 4.252 GC heap after
Heap after GC invocations=7 (full 1):
 PSYoungGen      total 163328K, used 11260K [0x000000076b700000, 0x0000000779000000, 0x00000007c0000000)
  eden space 152064K, 0% used [0x000000076b700000,0x000000076b700000,0x0000000774b80000)
  from space 11264K, 99% used [0x0000000775900000,0x00000007763ff200,0x0000000776400000)
  to   space 13824K, 0% used [0x0000000774b80000,0x0000000774b80000,0x0000000775900000)
 ParOldGen       total 100352K, used 10523K [0x00000006c2400000, 0x00000006c8600000, 0x000000076b700000)
  object space 100352K, 10% used [0x00000006c2400000,0x00000006c2e46f28,0x00000006c8600000)
 Metaspace       used 31868K, capacity 33442K, committed 33664K, reserved 1079296K
  class space    used 4341K, capacity 4645K, committed 4736K, reserved 1048576K
}
Event: 4.348 GC heap before
{Heap before GC invocations=8 (full 1):
 PSYoungGen      total 163328K, used 39131K [0x000000076b700000, 0x0000000779000000, 0x00000007c0000000)
  eden space 152064K, 18% used [0x000000076b700000,0x000000076d237b70,0x0000000774b80000)
  from space 11264K, 99% used [0x0000000775900000,0x00000007763ff200,0x0000000776400000)
  to   space 13824K, 0% used [0x0000000774b80000,0x0000000774b80000,0x0000000775900000)
 ParOldGen       total 100352K, used 10523K [0x00000006c2400000, 0x00000006c8600000, 0x000000076b700000)
  object space 100352K, 10% used [0x00000006c2400000,0x00000006c2e46f28,0x00000006c8600000)
 Metaspace       used 33701K, capacity 35326K, committed 35456K, reserved 1079296K
  class space    used 4585K, capacity 4899K, committed 4992K, reserved 1048576K
Event: 4.352 GC heap after
Heap after GC invocations=8 (full 1):
 PSYoungGen      total 165888K, used 11068K [0x000000076b700000, 0x000000077cd00000, 0x00000007c0000000)
  eden space 152064K, 0% used [0x000000076b700000,0x000000076b700000,0x0000000774b80000)
  from space 13824K, 80% used [0x0000000774b80000,0x000000077564f308,0x0000000775900000)
  to   space 14336K, 0% used [0x000000077bf00000,0x000000077bf00000,0x000000077cd00000)
 ParOldGen       total 100352K, used 10531K [0x00000006c2400000, 0x00000006c8600000, 0x000000076b700000)
  object space 100352K, 10% used [0x00000006c2400000,0x00000006c2e48f28,0x00000006c8600000)
 Metaspace       used 33701K, capacity 35326K, committed 35456K, reserved 1079296K
  class space    used 4585K, capacity 4899K, committed 4992K, reserved 1048576K
}
Event: 4.352 GC heap before
{Heap before GC invocations=9 (full 2):
 PSYoungGen      total 165888K, used 11068K [0x000000076b700000, 0x000000077cd00000, 0x00000007c0000000)
  eden space 152064K, 0% used [0x000000076b700000,0x000000076b700000,0x0000000774b80000)
  from space 13824K, 80% used [0x0000000774b80000,0x000000077564f308,0x0000000775900000)
  to   space 14336K, 0% used [0x000000077bf00000,0x000000077bf00000,0x000000077cd00000)
 ParOldGen       total 100352K, used 10531K [0x00000006c2400000, 0x00000006c8600000, 0x000000076b700000)
  object space 100352K, 10% used [0x00000006c2400000,0x00000006c2e48f28,0x00000006c8600000)
 Metaspace       used 33701K, capacity 35326K, committed 35456K, reserved 1079296K
  class space    used 4585K, capacity 4899K, committed 4992K, reserved 1048576K
Event: 4.380 GC heap after
Heap after GC invocations=9 (full 2):
 PSYoungGen      total 165888K, used 0K [0x000000076b700000, 0x000000077cd00000, 0x00000007c0000000)
  eden space 152064K, 0% used [0x000000076b700000,0x000000076b700000,0x0000000774b80000)
  from space 13824K, 0% used [0x0000000774b80000,0x0000000774b80000,0x0000000775900000)
  to   space 14336K, 0% used [0x000000077bf00000,0x000000077bf00000,0x000000077cd00000)
 ParOldGen       total 144896K, used 16470K [0x00000006c2400000, 0x00000006cb180000, 0x000000076b700000)
  object space 144896K, 11% used [0x00000006c2400000,0x00000006c34159e8,0x00000006cb180000)
 Metaspace       used 33701K, capacity 35326K, committed 35456K, reserved 1079296K
  class space    used 4585K, capacity 4899K, committed 4992K, reserved 1048576K
}
Event: 11.283 GC heap before
{Heap before GC invocations=10 (full 2):
 PSYoungGen      total 165888K, used 152064K [0x000000076b700000, 0x000000077cd00000, 0x00000007c0000000)
  eden space 152064K, 100% used [0x000000076b700000,0x0000000774b80000,0x0000000774b80000)
  from space 13824K, 0% used [0x0000000774b80000,0x0000000774b80000,0x0000000775900000)
  to   space 14336K, 0% used [0x000000077bf00000,0x000000077bf00000,0x000000077cd00000)
 ParOldGen       total 144896K, used 16470K [0x00000006c2400000, 0x00000006cb180000, 0x000000076b700000)
  object space 144896K, 11% used [0x00000006c2400000,0x00000006c34159e8,0x00000006cb180000)
 Metaspace       used 40520K, capacity 42634K, committed 42752K, reserved 1085440K
  class space    used 5426K, capacity 5799K, committed 5888K, reserved 1048576K
Event: 11.290 GC heap after
Heap after GC invocations=10 (full 2):
 PSYoungGen      total 247296K, used 9563K [0x000000076b700000, 0x000000077c880000, 0x00000007c0000000)
  eden space 237568K, 0% used [0x000000076b700000,0x000000076b700000,0x0000000779f00000)
  from space 9728K, 98% used [0x000000077bf00000,0x000000077c856d90,0x000000077c880000)
  to   space 13824K, 0% used [0x000000077ad80000,0x000000077ad80000,0x000000077bb00000)
 ParOldGen       total 144896K, used 16478K [0x00000006c2400000, 0x00000006cb180000, 0x000000076b700000)
  object space 144896K, 11% used [0x00000006c2400000,0x00000006c34179e8,0x00000006cb180000)
 Metaspace       used 40520K, capacity 42634K, committed 42752K, reserved 1085440K
  class space    used 5426K, capacity 5799K, committed 5888K, reserved 1048576K
}

