# JRE version: Java(TM) SE Runtime Environment (8.0_40-b25) (build 1.8.0_40-b25)
# Java VM: Java HotSpot(TM) 64-Bit Server VM (25.40-b25 mixed mode windows-amd64 compressed oops)
Heap:
 PSYoungGen      total 296448K, used 151245K [0x000000076b700000, 0x000000077f880000, 0x00000007c0000000)
  eden space 285696K, 49% used [0x000000076b700000,0x000000077407fca0,0x000000077ce00000)
  from space 10752K, 97% used [0x000000077ee00000,0x000000077f833b20,0x000000077f880000)
  to   space 14336K, 0% used [0x000000077dc80000,0x000000077dc80000,0x000000077ea80000)
 ParOldGen       total 124928K, used 16061K [0x00000006c2400000, 0x00000006c9e00000, 0x000000076b700000)
  object space 124928K, 12% used [0x00000006c2400000,0x00000006c33af448,0x00000006c9e00000)
 Metaspace       used 46689K, capacity 48914K, committed 49152K, reserved 1091584K
  class space    used 6139K, capacity 6551K, committed 6656K, reserved 1048576K
GC Heap History (10 events):
Event: 4.942 GC heap before
{Heap before GC invocations=6 (full 1):
 PSYoungGen      total 110592K, used 110183K [0x000000076b700000, 0x0000000774600000, 0x00000007c0000000)
  eden space 104960K, 100% used [0x000000076b700000,0x0000000771d80000,0x0000000771d80000)
  from space 5632K, 92% used [0x0000000774080000,0x0000000774599c50,0x0000000774600000)
  to   space 10752K, 0% used [0x0000000773100000,0x0000000773100000,0x0000000773b80000)
 ParOldGen       total 96256K, used 8207K [0x00000006c2400000, 0x00000006c8200000, 0x000000076b700000)
  object space 96256K, 8% used [0x00000006c2400000,0x00000006c2c03db0,0x00000006c8200000)
 Metaspace       used 26971K, capacity 28060K, committed 28288K, reserved 1073152K
  class space    used 3690K, capacity 3940K, committed 3968K, reserved 1048576K
Event: 4.948 GC heap after
Heap after GC invocations=6 (full 1):
 PSYoungGen      total 135680K, used 9694K [0x000000076b700000, 0x0000000777200000, 0x00000007c0000000)
  eden space 124928K, 0% used [0x000000076b700000,0x000000076b700000,0x0000000773100000)
  from space 10752K, 90% used [0x0000000773100000,0x0000000773a77a28,0x0000000773b80000)
  to   space 11264K, 0% used [0x0000000776700000,0x0000000776700000,0x0000000777200000)
 ParOldGen       total 96256K, used 8215K [0x00000006c2400000, 0x00000006c8200000, 0x000000076b700000)
  object space 96256K, 8% used [0x00000006c2400000,0x00000006c2c05db0,0x00000006c8200000)
 Metaspace       used 26971K, capacity 28060K, committed 28288K, reserved 1073152K
  class space    used 3690K, capacity 3940K, committed 3968K, reserved 1048576K
}
Event: 5.539 GC heap before
{Heap before GC invocations=7 (full 1):
 PSYoungGen      total 135680K, used 134622K [0x000000076b700000, 0x0000000777200000, 0x00000007c0000000)
  eden space 124928K, 100% used [0x000000076b700000,0x0000000773100000,0x0000000773100000)
  from space 10752K, 90% used [0x0000000773100000,0x0000000773a77a28,0x0000000773b80000)
  to   space 11264K, 0% used [0x0000000776700000,0x0000000776700000,0x0000000777200000)
 ParOldGen       total 96256K, used 8215K [0x00000006c2400000, 0x00000006c8200000, 0x000000076b700000)
  object space 96256K, 8% used [0x00000006c2400000,0x00000006c2c05db0,0x00000006c8200000)
 Metaspace       used 33551K, capacity 35218K, committed 35456K, reserved 1079296K
  class space    used 4570K, capacity 4891K, committed 4992K, reserved 1048576K
Event: 5.546 GC heap after
Heap after GC invocations=7 (full 1):
 PSYoungGen      total 176640K, used 11259K [0x000000076b700000, 0x0000000779a80000, 0x00000007c0000000)
  eden space 165376K, 0% used [0x000000076b700000,0x000000076b700000,0x0000000775880000)
  from space 11264K, 99% used [0x0000000776700000,0x00000007771fee68,0x0000000777200000)
  to   space 14848K, 0% used [0x0000000775880000,0x0000000775880000,0x0000000776700000)
 ParOldGen       total 96256K, used 11391K [0x00000006c2400000, 0x00000006c8200000, 0x000000076b700000)
  object space 96256K, 11% used [0x00000006c2400000,0x00000006c2f1fd20,0x00000006c8200000)
 Metaspace       used 33551K, capacity 35218K, committed 35456K, reserved 1079296K
  class space    used 4570K, capacity 4891K, committed 4992K, reserved 1048576K
}
Event: 5.589 GC heap before
{Heap before GC invocations=8 (full 1):
 PSYoungGen      total 176640K, used 24764K [0x000000076b700000, 0x0000000779a80000, 0x00000007c0000000)
  eden space 165376K, 8% used [0x000000076b700000,0x000000076c430410,0x0000000775880000)
  from space 11264K, 99% used [0x0000000776700000,0x00000007771fee68,0x0000000777200000)
  to   space 14848K, 0% used [0x0000000775880000,0x0000000775880000,0x0000000776700000)
 ParOldGen       total 96256K, used 11391K [0x00000006c2400000, 0x00000006c8200000, 0x000000076b700000)
  object space 96256K, 11% used [0x00000006c2400000,0x00000006c2f1fd20,0x00000006c8200000)
 Metaspace       used 33694K, capacity 35310K, committed 35456K, reserved 1079296K
  class space    used 4587K, capacity 4897K, committed 4992K, reserved 1048576K
Event: 5.593 GC heap after
Heap after GC invocations=8 (full 1):
 PSYoungGen      total 180224K, used 10490K [0x000000076b700000, 0x000000077fc80000, 0x00000007c0000000)
  eden space 165376K, 0% used [0x000000076b700000,0x000000076b700000,0x0000000775880000)
  from space 14848K, 70% used [0x0000000775880000,0x00000007762beab0,0x0000000776700000)
  to   space 14848K, 0% used [0x000000077ee00000,0x000000077ee00000,0x000000077fc80000)
 ParOldGen       total 96256K, used 11399K [0x00000006c2400000, 0x00000006c8200000, 0x000000076b700000)
  object space 96256K, 11% used [0x00000006c2400000,0x00000006c2f21d20,0x00000006c8200000)
 Metaspace       used 33694K, capacity 35310K, committed 35456K, reserved 1079296K
  class space    used 4587K, capacity 4897K, committed 4992K, reserved 1048576K
}
Event: 5.593 GC heap before
{Heap before GC invocations=9 (full 2):
 PSYoungGen      total 180224K, used 10490K [0x000000076b700000, 0x000000077fc80000, 0x00000007c0000000)
  eden space 165376K, 0% used [0x000000076b700000,0x000000076b700000,0x0000000775880000)
  from space 14848K, 70% used [0x0000000775880000,0x00000007762beab0,0x0000000776700000)
  to   space 14848K, 0% used [0x000000077ee00000,0x000000077ee00000,0x000000077fc80000)
 ParOldGen       total 96256K, used 11399K [0x00000006c2400000, 0x00000006c8200000, 0x000000076b700000)
  object space 96256K, 11% used [0x00000006c2400000,0x00000006c2f21d20,0x00000006c8200000)
 Metaspace       used 33694K, capacity 35310K, committed 35456K, reserved 1079296K
  class space    used 4587K, capacity 4897K, committed 4992K, reserved 1048576K
Event: 5.622 GC heap after
Heap after GC invocations=9 (full 2):
 PSYoungGen      total 180224K, used 0K [0x000000076b700000, 0x000000077fc80000, 0x00000007c0000000)
  eden space 165376K, 0% used [0x000000076b700000,0x000000076b700000,0x0000000775880000)
  from space 14848K, 0% used [0x0000000775880000,0x0000000775880000,0x0000000776700000)
  to   space 14848K, 0% used [0x000000077ee00000,0x000000077ee00000,0x000000077fc80000)
 ParOldGen       total 124928K, used 16053K [0x00000006c2400000, 0x00000006c9e00000, 0x000000076b700000)
  object space 124928K, 12% used [0x00000006c2400000,0x00000006c33ad448,0x00000006c9e00000)
 Metaspace       used 33694K, capacity 35310K, committed 35456K, reserved 1079296K
  class space    used 4587K, capacity 4897K, committed 4992K, reserved 1048576K
}
Event: 32.939 GC heap before
{Heap before GC invocations=10 (full 2):
 PSYoungGen      total 180224K, used 165376K [0x000000076b700000, 0x000000077fc80000, 0x00000007c0000000)
  eden space 165376K, 100% used [0x000000076b700000,0x0000000775880000,0x0000000775880000)
  from space 14848K, 0% used [0x0000000775880000,0x0000000775880000,0x0000000776700000)
  to   space 14848K, 0% used [0x000000077ee00000,0x000000077ee00000,0x000000077fc80000)
 ParOldGen       total 124928K, used 16053K [0x00000006c2400000, 0x00000006c9e00000, 0x000000076b700000)
  object space 124928K, 12% used [0x00000006c2400000,0x00000006c33ad448,0x00000006c9e00000)
 Metaspace       used 41301K, capacity 43424K, committed 43648K, reserved 1087488K
  class space    used 5532K, capacity 5894K, committed 6016K, reserved 1048576K
Event: 32.947 GC heap after
Heap after GC invocations=10 (full 2):
 PSYoungGen      total 296448K, used 10446K [0x000000076b700000, 0x000000077f880000, 0x00000007c0000000)
  eden space 285696K, 0% used [0x000000076b700000,0x000000076b700000,0x000000077ce00000)
  from space 10752K, 97% used [0x000000077ee00000,0x000000077f833b20,0x000000077f880000)
  to   space 14336K, 0% used [0x000000077dc80000,0x000000077dc80000,0x000000077ea80000)
 ParOldGen       total 124928K, used 16061K [0x00000006c2400000, 0x00000006c9e00000, 0x000000076b700000)
  object space 124928K, 12% used [0x00000006c2400000,0x00000006c33af448,0x00000006c9e00000)
 Metaspace       used 41301K, capacity 43424K, committed 43648K, reserved 1087488K
  class space    used 5532K, capacity 5894K, committed 6016K, reserved 1048576K
}

