# JRE version: Java(TM) SE Runtime Environment (8.0_40-b25) (build 1.8.0_40-b25)
# Java VM: Java HotSpot(TM) 64-Bit Server VM (25.40-b25 mixed mode windows-amd64 compressed oops)
Heap:
 PSYoungGen      total 232960K, used 28938K [0x000000076b700000, 0x000000077ad00000, 0x00000007c0000000)
  eden space 220160K, 7% used [0x000000076b700000,0x000000076c6c4ea0,0x0000000778e00000)
  from space 12800K, 99% used [0x000000077a080000,0x000000077acfdc78,0x000000077ad00000)
  to   space 14336K, 0% used [0x0000000779100000,0x0000000779100000,0x0000000779f00000)
 ParOldGen       total 139776K, used 15865K [0x00000006c2400000, 0x00000006cac80000, 0x000000076b700000)
  object space 139776K, 11% used [0x00000006c2400000,0x00000006c337e430,0x00000006cac80000)
 Metaspace       used 47427K, capacity 49672K, committed 49920K, reserved 1093632K
  class space    used 6164K, capacity 6560K, committed 6656K, reserved 1048576K
GC Heap History (10 events):
Event: 4.651 GC heap before
{Heap before GC invocations=8 (full 1):
 PSYoungGen      total 109056K, used 108288K [0x000000076b700000, 0x0000000772f80000, 0x00000007c0000000)
  eden space 99328K, 100% used [0x000000076b700000,0x0000000771800000,0x0000000771800000)
  from space 9728K, 92% used [0x0000000772200000,0x0000000772ac0138,0x0000000772b80000)
  to   space 10240K, 0% used [0x0000000771800000,0x0000000771800000,0x0000000772200000)
 ParOldGen       total 103424K, used 7541K [0x00000006c2400000, 0x00000006c8900000, 0x000000076b700000)
  object space 103424K, 7% used [0x00000006c2400000,0x00000006c2b5d538,0x00000006c8900000)
 Metaspace       used 32077K, capacity 33620K, committed 33792K, reserved 1079296K
  class space    used 4320K, capacity 4600K, committed 4608K, reserved 1048576K
Event: 4.657 GC heap after
Heap after GC invocations=8 (full 1):
 PSYoungGen      total 109568K, used 10227K [0x000000076b700000, 0x0000000776c80000, 0x00000007c0000000)
  eden space 99328K, 0% used [0x000000076b700000,0x000000076b700000,0x0000000771800000)
  from space 10240K, 99% used [0x0000000771800000,0x00000007721fcd90,0x0000000772200000)
  to   space 12800K, 0% used [0x0000000776000000,0x0000000776000000,0x0000000776c80000)
 ParOldGen       total 103424K, used 10338K [0x00000006c2400000, 0x00000006c8900000, 0x000000076b700000)
  object space 103424K, 9% used [0x00000006c2400000,0x00000006c2e18b98,0x00000006c8900000)
 Metaspace       used 32077K, capacity 33620K, committed 33792K, reserved 1079296K
  class space    used 4320K, capacity 4600K, committed 4608K, reserved 1048576K
}
Event: 4.704 GC heap before
{Heap before GC invocations=9 (full 1):
 PSYoungGen      total 109568K, used 20895K [0x000000076b700000, 0x0000000776c80000, 0x00000007c0000000)
  eden space 99328K, 10% used [0x000000076b700000,0x000000076c16b0a8,0x0000000771800000)
  from space 10240K, 99% used [0x0000000771800000,0x00000007721fcd90,0x0000000772200000)
  to   space 12800K, 0% used [0x0000000776000000,0x0000000776000000,0x0000000776c80000)
 ParOldGen       total 103424K, used 10338K [0x00000006c2400000, 0x00000006c8900000, 0x000000076b700000)
  object space 103424K, 9% used [0x00000006c2400000,0x00000006c2e18b98,0x00000006c8900000)
 Metaspace       used 33719K, capacity 35330K, committed 35496K, reserved 1079296K
  class space    used 4537K, capacity 4847K, committed 4864K, reserved 1048576K
Event: 4.708 GC heap after
Heap after GC invocations=9 (full 1):
 PSYoungGen      total 173568K, used 8557K [0x000000076b700000, 0x0000000777e80000, 0x00000007c0000000)
  eden space 160768K, 0% used [0x000000076b700000,0x000000076b700000,0x0000000775400000)
  from space 12800K, 66% used [0x0000000776000000,0x000000077685b480,0x0000000776c80000)
  to   space 12288K, 0% used [0x0000000775400000,0x0000000775400000,0x0000000776000000)
 ParOldGen       total 103424K, used 12218K [0x00000006c2400000, 0x00000006c8900000, 0x000000076b700000)
  object space 103424K, 11% used [0x00000006c2400000,0x00000006c2fee820,0x00000006c8900000)
 Metaspace       used 33719K, capacity 35330K, committed 35496K, reserved 1079296K
  class space    used 4537K, capacity 4847K, committed 4864K, reserved 1048576K
}
Event: 4.708 GC heap before
{Heap before GC invocations=10 (full 2):
 PSYoungGen      total 173568K, used 8557K [0x000000076b700000, 0x0000000777e80000, 0x00000007c0000000)
  eden space 160768K, 0% used [0x000000076b700000,0x000000076b700000,0x0000000775400000)
  from space 12800K, 66% used [0x0000000776000000,0x000000077685b480,0x0000000776c80000)
  to   space 12288K, 0% used [0x0000000775400000,0x0000000775400000,0x0000000776000000)
 ParOldGen       total 103424K, used 12218K [0x00000006c2400000, 0x00000006c8900000, 0x000000076b700000)
  object space 103424K, 11% used [0x00000006c2400000,0x00000006c2fee820,0x00000006c8900000)
 Metaspace       used 33719K, capacity 35330K, committed 35496K, reserved 1079296K
  class space    used 4537K, capacity 4847K, committed 4864K, reserved 1048576K
Event: 4.736 GC heap after
Heap after GC invocations=10 (full 2):
 PSYoungGen      total 173568K, used 0K [0x000000076b700000, 0x0000000777e80000, 0x00000007c0000000)
  eden space 160768K, 0% used [0x000000076b700000,0x000000076b700000,0x0000000775400000)
  from space 12800K, 0% used [0x0000000776000000,0x0000000776000000,0x0000000776c80000)
  to   space 12288K, 0% used [0x0000000775400000,0x0000000775400000,0x0000000776000000)
 ParOldGen       total 139776K, used 15796K [0x00000006c2400000, 0x00000006cac80000, 0x000000076b700000)
  object space 139776K, 11% used [0x00000006c2400000,0x00000006c336d108,0x00000006cac80000)
 Metaspace       used 33719K, capacity 35330K, committed 35496K, reserved 1079296K
  class space    used 4537K, capacity 4847K, committed 4864K, reserved 1048576K
}
Event: 6.978 GC heap before
{Heap before GC invocations=11 (full 2):
 PSYoungGen      total 173568K, used 160768K [0x000000076b700000, 0x0000000777e80000, 0x00000007c0000000)
  eden space 160768K, 100% used [0x000000076b700000,0x0000000775400000,0x0000000775400000)
  from space 12800K, 0% used [0x0000000776000000,0x0000000776000000,0x0000000776c80000)
  to   space 12288K, 0% used [0x0000000775400000,0x0000000775400000,0x0000000776000000)
 ParOldGen       total 139776K, used 15796K [0x00000006c2400000, 0x00000006cac80000, 0x000000076b700000)
  object space 139776K, 11% used [0x00000006c2400000,0x00000006c336d108,0x00000006cac80000)
 Metaspace       used 40359K, capacity 42396K, committed 42624K, reserved 1085440K
  class space    used 5352K, capacity 5729K, committed 5760K, reserved 1048576K
Event: 6.985 GC heap after
Heap after GC invocations=11 (full 2):
 PSYoungGen      total 173056K, used 10683K [0x000000076b700000, 0x000000077ad00000, 0x00000007c0000000)
  eden space 160768K, 0% used [0x000000076b700000,0x000000076b700000,0x0000000775400000)
  from space 12288K, 86% used [0x0000000775400000,0x0000000775e6ef18,0x0000000776000000)
  to   space 12800K, 0% used [0x000000077a080000,0x000000077a080000,0x000000077ad00000)
 ParOldGen       total 139776K, used 15804K [0x00000006c2400000, 0x00000006cac80000, 0x000000076b700000)
  object space 139776K, 11% used [0x00000006c2400000,0x00000006c336f108,0x00000006cac80000)
 Metaspace       used 40359K, capacity 42396K, committed 42624K, reserved 1085440K
  class space    used 5352K, capacity 5729K, committed 5760K, reserved 1048576K
}
Event: 36.679 GC heap before
{Heap before GC invocations=12 (full 2):
 PSYoungGen      total 173056K, used 171451K [0x000000076b700000, 0x000000077ad00000, 0x00000007c0000000)
  eden space 160768K, 100% used [0x000000076b700000,0x0000000775400000,0x0000000775400000)
  from space 12288K, 86% used [0x0000000775400000,0x0000000775e6ef18,0x0000000776000000)
  to   space 12800K, 0% used [0x000000077a080000,0x000000077a080000,0x000000077ad00000)
 ParOldGen       total 139776K, used 15804K [0x00000006c2400000, 0x00000006cac80000, 0x000000076b700000)
  object space 139776K, 11% used [0x00000006c2400000,0x00000006c336f108,0x00000006cac80000)
 Metaspace       used 47028K, capacity 49250K, committed 49536K, reserved 1091584K
  class space    used 6129K, capacity 6527K, committed 6528K, reserved 1048576K
Event: 36.686 GC heap after
Heap after GC invocations=12 (full 2):
 PSYoungGen      total 232960K, used 12791K [0x000000076b700000, 0x000000077ad00000, 0x00000007c0000000)
  eden space 220160K, 0% used [0x000000076b700000,0x000000076b700000,0x0000000778e00000)
  from space 12800K, 99% used [0x000000077a080000,0x000000077acfdc78,0x000000077ad00000)
  to   space 14336K, 0% used [0x0000000779100000,0x0000000779100000,0x0000000779f00000)
 ParOldGen       total 139776K, used 15865K [0x00000006c2400000, 0x00000006cac80000, 0x000000076b700000)
  object space 139776K, 11% used [0x00000006c2400000,0x00000006c337e430,0x00000006cac80000)
 Metaspace       used 47028K, capacity 49250K, committed 49536K, reserved 1091584K
  class space    used 6129K, capacity 6527K, committed 6528K, reserved 1048576K
}

